<?xml version="1.0" encoding="UTF-8"?>
<!-- Generated by org.testng.reporters.JUnitReportReporter -->
<testsuite skipped="0" hostname="LAPTOP-V6UIKCRI" name="appiumFramework.demos" tests="1" failures="0" timestamp="2021-03-24T14:51:09 IST" time="127.091" errors="0">
  <testcase name="testcase4" time="127.091" classname="appiumFramework.demos"/>
  <system-out/>
</testsuite> <!-- appiumFramework.demos -->
